<?xml version="1.0" encoding="UTF-8"?>
<TestRun id="29d38896-15d9-4733-89b8-e202a0337b9a" name="Admin@MICROSOF-9E10B0 2013-12-19 08:54:53" runUser="MICROSOF-9E10B0\Admin" xmlns="http://microsoft.com/schemas/VisualStudio/TeamTest/2010">
  <TestSettings name="Локальные" id="255f4313-8669-4db9-a440-fffab5ad7c40">
    <Description>Это - параметры по умолчанию для локального тестового запуска.</Description>
    <Execution>
      <TestTypeSpecific />
      <AgentRule name="Execution Agents">
      </AgentRule>
    </Execution>
    <Deployment runDeploymentRoot="Admin_MICROSOF-9E10B0 2013-12-19 08_54_53" />
  </TestSettings>
  <Times creation="2013-12-19T08:54:53.2343750+02:00" queuing="2013-12-19T08:54:58.2656250+02:00" start="2013-12-19T08:54:58.8593750+02:00" finish="2013-12-19T08:54:59.7031250+02:00" />
  <ResultSummary outcome="Completed">
    <Counters total="1" executed="1" passed="1" error="0" failed="0" timeout="0" aborted="0" inconclusive="0" passedButRunAborted="0" notRunnable="0" notExecuted="0" disconnected="0" warning="0" completed="0" inProgress="0" pending="0" />
  </ResultSummary>
  <TestDefinitions>
    <WebTest name="WebTest1" storage="c:\documents and settings\admin\мои документы\dropbox\ecar\ecartest\webtest1.webtest" id="6c85f002-860e-49c6-8a90-95b88b2423e7" persistedWebTest="77u/PD94bWwgdmVyc2lvbj0iMS4wIiBlbmNvZGluZz0iVVRGLTgiIHN0YW5kYWxvbmU9InllcyI/Pg0KPFdlYlRlc3QgTmFtZT0iV2ViVGVzdDEiIElkPSI2Yzg1ZjAwMi04NjBlLTQ5YzYtOGE5MC05NWI4OGIyNDIzZTciIE93bmVyPSIiIFByaW9yaXR5PSIyMTQ3NDgzNjQ3IiBFbmFibGVkPSJUcnVlIiBDc3NQcm9qZWN0U3RydWN0dXJlPSIiIENzc0l0ZXJhdGlvbj0iIiBUaW1lb3V0PSIwIiBXb3JrSXRlbUlkcz0iIiB4bWxucz0iaHR0cDovL21pY3Jvc29mdC5jb20vc2NoZW1hcy9WaXN1YWxTdHVkaW8vVGVhbVRlc3QvMjAxMCIgRGVzY3JpcHRpb249IiIgQ3JlZGVudGlhbFVzZXJOYW1lPSIiIENyZWRlbnRpYWxQYXNzd29yZD0iIiBQcmVBdXRoZW50aWNhdGU9IlRydWUiIFByb3h5PSIiIFN0b3BPbkVycm9yPSJGYWxzZSIgUmVjb3JkZWRSZXN1bHRGaWxlPSIiIC8+">
      <Execution id="919ca787-f6d5-4fb1-a06c-5d40ecc75ad8" />
    </WebTest>
  </TestDefinitions>
  <TestLists>
    <TestList name="Отсутствующие в списке результаты" id="8c84fa94-04c1-424b-9868-57a2d4851a1d" />
    <TestList name="Все загруженные результаты" id="19431567-8539-422a-85d7-44ee4e166bda" />
  </TestLists>
  <TestEntries>
    <TestEntry isTransparent="false" testId="6c85f002-860e-49c6-8a90-95b88b2423e7" executionId="919ca787-f6d5-4fb1-a06c-5d40ecc75ad8" testListId="8c84fa94-04c1-424b-9868-57a2d4851a1d" />
  </TestEntries>
  <Results>
    <WebTestResult executionId="919ca787-f6d5-4fb1-a06c-5d40ecc75ad8" testId="6c85f002-860e-49c6-8a90-95b88b2423e7" testName="WebTest1" computerName="MICROSOF-9E10B0" duration="00:00:00.0805800" startTime="2013-12-19T08:54:59.0937500+02:00" endTime="2013-12-19T08:54:59.6093750+02:00" testType="4e7599fa-5ecb-43e9-a887-cd63cf72d207" outcome="Passed" testListId="8c84fa94-04c1-424b-9868-57a2d4851a1d" relativeResultsDirectory="919ca787-f6d5-4fb1-a06c-5d40ecc75ad8">
      <ResultFiles>
        <ResultFile path="WebTest1.webtestResult" />
      </ResultFiles>
      <TestSettings name="Локальные" id="255f4313-8669-4db9-a440-fffab5ad7c40">
        <Description>Это - параметры по умолчанию для локального тестового запуска.</Description>
        <Execution>
          <TestTypeSpecific>
            <WebTestRunConfiguration testTypeId="4e7599fa-5ecb-43e9-a887-cd63cf72d207">
              <Browser name="Internet Explorer 7.0">
                <Headers>
                  <Header name="User-Agent" value="Mozilla/4.0 (compatible; MSIE 7.0; Windows NT 5.1)" />
                  <Header name="Accept" value="*/*" />
                  <Header name="Accept-Language" value="{{$IEAcceptLanguage}}" />
                  <Header name="Accept-Encoding" value="GZIP" />
                </Headers>
              </Browser>
            </WebTestRunConfiguration>
          </TestTypeSpecific>
          <AgentRule name="Execution Agents">
          </AgentRule>
        </Execution>
        <Deployment runDeploymentRoot="Admin_MICROSOF-9E10B0 2013-12-19 08_54_53" />
      </TestSettings>
      <WebTestResultFilePath>Admin_MICROSOF-9E10B0 2013-12-19 08_54_53\In\919ca787-f6d5-4fb1-a06c-5d40ecc75ad8\WebTest1.webtestResult</WebTestResultFilePath>
    </WebTestResult>
  </Results>
</TestRun>