<?xml version="1.0" encoding="UTF-8"?>
<TestRun id="3ec6f106-eefd-4846-b304-dcb002a5fe2e" name="Admin@MICROSOF-9E10B0 2013-12-20 00:00:37" runUser="MICROSOF-9E10B0\Admin" xmlns="http://microsoft.com/schemas/VisualStudio/TeamTest/2010">
  <TestSettings name="Параметры тестирования по умолчанию" id="6386da1e-e97d-4673-ad7f-09065defb72d">
    <Deployment runDeploymentRoot="Admin_MICROSOF-9E10B0 2013-12-20 00_00_37">
      <DeploymentItem filename="C:\Documents and Settings\Admin\Мои документы\Dropbox\eCar\eCar\bin\eCar.dll" />
    </Deployment>
    <Execution>
      <TestTypeSpecific />
      <AgentRule name="Execution Agents">
      </AgentRule>
    </Execution>
  </TestSettings>
  <Times creation="2013-12-20T00:00:37.6562500+02:00" queuing="2013-12-20T00:00:42.7031250+02:00" start="2013-12-20T00:00:43.3437500+02:00" finish="2013-12-20T00:00:59.6406250+02:00" />
  <ResultSummary outcome="Failed">
    <Counters total="1" executed="1" error="0" failed="1" timeout="0" aborted="0" inconclusive="0" passedButRunAborted="0" notRunnable="0" notExecuted="0" disconnected="0" warning="0" passed="0" completed="0" inProgress="0" pending="0" />
  </ResultSummary>
  <TestDefinitions>
    <WebTest name="WebTest1" storage="c:\documents and settings\admin\мои документы\dropbox\ecar\ecar.tests\webtest1.webtest" id="bdf1be56-c097-49ab-9f2c-876e7a631cfa" persistedWebTest="77u/PD94bWwgdmVyc2lvbj0iMS4wIiBlbmNvZGluZz0iVVRGLTgiIHN0YW5kYWxvbmU9InllcyI/Pg0KPFdlYlRlc3QgTmFtZT0iV2ViVGVzdDEiIElkPSJiZGYxYmU1Ni1jMDk3LTQ5YWItOWYyYy04NzZlN2E2MzFjZmEiIE93bmVyPSIiIFByaW9yaXR5PSIyMTQ3NDgzNjQ3IiBFbmFibGVkPSJUcnVlIiBDc3NQcm9qZWN0U3RydWN0dXJlPSIiIENzc0l0ZXJhdGlvbj0iIiBUaW1lb3V0PSIwIiBXb3JrSXRlbUlkcz0iIiB4bWxucz0iaHR0cDovL21pY3Jvc29mdC5jb20vc2NoZW1hcy9WaXN1YWxTdHVkaW8vVGVhbVRlc3QvMjAxMCIgRGVzY3JpcHRpb249IiIgQ3JlZGVudGlhbFVzZXJOYW1lPSIiIENyZWRlbnRpYWxQYXNzd29yZD0iIiBQcmVBdXRoZW50aWNhdGU9IlRydWUiIFByb3h5PSIiIFN0b3BPbkVycm9yPSJGYWxzZSIgUmVjb3JkZWRSZXN1bHRGaWxlPSJXZWJUZXN0MS4xMTQ2YTM1Yy0wMTU3LTRlNjAtOTAyOC1iYjVhNDg4YWIxMDEucmVjLndlYnRlc3RyZXN1bHQiPg0KICA8SXRlbXM+DQogICAgPFJlcXVlc3QgTWV0aG9kPSJHRVQiIFZlcnNpb249IjEuMSIgVXJsPSJodHRwOi8vbG9jYWxob3N0OjEyMzIvIiBUaGlua1RpbWU9IjQyIiBUaW1lb3V0PSIzMDAiIFBhcnNlRGVwZW5kZW50UmVxdWVzdHM9IlRydWUiIEZvbGxvd1JlZGlyZWN0cz0iVHJ1ZSIgUmVjb3JkUmVzdWx0PSJUcnVlIiBDYWNoZT0iRmFsc2UiIFJlc3BvbnNlVGltZUdvYWw9IjAiIEVuY29kaW5nPSJ1dGYtOCIgRXhwZWN0ZWRIdHRwU3RhdHVzQ29kZT0iMCIgRXhwZWN0ZWRSZXNwb25zZVVybD0iIiBSZXBvcnRpbmdOYW1lPSIiIC8+DQogICAgPFJlcXVlc3QgTWV0aG9kPSJHRVQiIFZlcnNpb249IjEuMSIgVXJsPSJodHRwOi8vbG9jYWxob3N0OjEyMzIvIiBUaGlua1RpbWU9IjAiIFRpbWVvdXQ9IjMwMCIgUGFyc2VEZXBlbmRlbnRSZXF1ZXN0cz0iVHJ1ZSIgRm9sbG93UmVkaXJlY3RzPSJUcnVlIiBSZWNvcmRSZXN1bHQ9IlRydWUiIENhY2hlPSJGYWxzZSIgUmVzcG9uc2VUaW1lR29hbD0iMCIgRW5jb2Rpbmc9InV0Zi04IiBFeHBlY3RlZEh0dHBTdGF0dXNDb2RlPSIwIiBFeHBlY3RlZFJlc3BvbnNlVXJsPSIiIFJlcG9ydGluZ05hbWU9IiIgLz4NCiAgICA8UmVxdWVzdCBNZXRob2Q9IkdFVCIgVmVyc2lvbj0iMS4xIiBVcmw9Imh0dHA6Ly9sb2NhbGhvc3Q6MTIzMi9mYXZpY29uLmljbyIgVGhpbmtUaW1lPSIwIiBUaW1lb3V0PSIzMDAiIFBhcnNlRGVwZW5kZW50UmVxdWVzdHM9IlRydWUiIEZvbGxvd1JlZGlyZWN0cz0iVHJ1ZSIgUmVjb3JkUmVzdWx0PSJUcnVlIiBDYWNoZT0iRmFsc2UiIFJlc3BvbnNlVGltZUdvYWw9IjAiIEVuY29kaW5nPSJ1dGYtOCIgRXhwZWN0ZWRIdHRwU3RhdHVzQ29kZT0iMCIgRXhwZWN0ZWRSZXNwb25zZVVybD0iIiBSZXBvcnRpbmdOYW1lPSIiIC8+DQogIDwvSXRlbXM+DQogIDxWYWxpZGF0aW9uUnVsZXM+DQogICAgPFZhbGlkYXRpb25SdWxlIENsYXNzbmFtZT0iTWljcm9zb2Z0LlZpc3VhbFN0dWRpby5UZXN0VG9vbHMuV2ViVGVzdGluZy5SdWxlcy5WYWxpZGF0ZVJlc3BvbnNlVXJsLCBNaWNyb3NvZnQuVmlzdWFsU3R1ZGlvLlF1YWxpdHlUb29scy5XZWJUZXN0RnJhbWV3b3JrLCBWZXJzaW9uPTEwLjAuMC4wLCBDdWx0dXJlPW5ldXRyYWwsIFB1YmxpY0tleVRva2VuPWIwM2Y1ZjdmMTFkNTBhM2EiIERpc3BsYXlOYW1lPSJVUkwt0LDQtNGA0LXRgSDQvtGC0LLQtdGC0LAiIERlc2NyaXB0aW9uPSLQn9GA0L7QstC10YDQutCwINGC0L7Qs9C+LCDRh9GC0L4gVVJMLdCw0LTRgNC10YEg0L7RgtCy0LXRgtCwINC/0L7RgdC70LUg0LLRi9C/0L7Qu9C90LXQvdC40Y8g0L/QtdGA0LXQvdCw0L/RgNCw0LLQu9C10L3QuNC5INGC0LDQutC+0Lkg0LbQtSwg0LrQsNC6INC30LDQv9C40YHQsNC90L3Ri9C5IFVSTC3QsNC00YDQtdGBINC+0YLQstC10YLQsC4g0J/QsNGA0LDQvNC10YLRgNGLIFF1ZXJ5U3RyaW5nINC40LPQvdC+0YDQuNGA0YPRjtGC0YHRjy4iIExldmVsPSJMb3ciIEV4ZWN0dWlvbk9yZGVyPSJCZWZvcmVEZXBlbmRlbnRzIiAvPg0KICAgIDxWYWxpZGF0aW9uUnVsZSBDbGFzc25hbWU9Ik1pY3Jvc29mdC5WaXN1YWxTdHVkaW8uVGVzdFRvb2xzLldlYlRlc3RpbmcuUnVsZXMuVmFsaWRhdGlvblJ1bGVSZXNwb25zZVRpbWVHb2FsLCBNaWNyb3NvZnQuVmlzdWFsU3R1ZGlvLlF1YWxpdHlUb29scy5XZWJUZXN0RnJhbWV3b3JrLCBWZXJzaW9uPTEwLjAuMC4wLCBDdWx0dXJlPW5ldXRyYWwsIFB1YmxpY0tleVRva2VuPWIwM2Y1ZjdmMTFkNTBhM2EiIERpc3BsYXlOYW1lPSLQptC10LvRjCDQstGA0LXQvNC10L3QuCDQvtGC0LLQtdGC0LAiIERlc2NyaXB0aW9uPSLQn9GA0L7QstC10YDQutCwINC90LAg0L/RgNC10LLRi9GI0LXQvdC40LUg0LLRgNC10LzQtdC90LXQvCDQvtGC0LLQtdGC0LAg0L3QsCDQt9Cw0L/RgNC+0YEg0Y3RgtCw0LvQvtC90LAg0LLRgNC10LzQtdC90Lgg0L7RgtCy0LXRgtCwLCDRg9C60LDQt9Cw0L3QvdC+0LPQviDQsiDQt9Cw0L/RgNC+0YHQtS4g0KbQtdC70Lgg0LLRgNC10LzQtdC90Lgg0L7RgtCy0LXRgtCwLCDRgNCw0LLQvdGL0LUg0L3Rg9C70Y4sINCx0YPQtNGD0YIg0L/RgNC+0L/Rg9GJ0LXQvdGLLiIgTGV2ZWw9IkxvdyIgRXhlY3R1aW9uT3JkZXI9IkFmdGVyRGVwZW5kZW50cyI+DQogICAgICA8UnVsZVBhcmFtZXRlcnM+DQogICAgICAgIDxSdWxlUGFyYW1ldGVyIE5hbWU9IlRvbGVyYW5jZSIgVmFsdWU9IjAiIC8+DQogICAgICA8L1J1bGVQYXJhbWV0ZXJzPg0KICAgIDwvVmFsaWRhdGlvblJ1bGU+DQogIDwvVmFsaWRhdGlvblJ1bGVzPg0KPC9XZWJUZXN0Pg==">
      <Execution id="424be650-d882-42c2-b99a-e15230cd1990" />
    </WebTest>
  </TestDefinitions>
  <TestLists>
    <TestList name="Отсутствующие в списке результаты" id="8c84fa94-04c1-424b-9868-57a2d4851a1d" />
    <TestList name="Все загруженные результаты" id="19431567-8539-422a-85d7-44ee4e166bda" />
  </TestLists>
  <TestEntries>
    <TestEntry isTransparent="false" testId="bdf1be56-c097-49ab-9f2c-876e7a631cfa" executionId="424be650-d882-42c2-b99a-e15230cd1990" testListId="8c84fa94-04c1-424b-9868-57a2d4851a1d" />
  </TestEntries>
  <Results>
    <WebTestResult executionId="424be650-d882-42c2-b99a-e15230cd1990" testId="bdf1be56-c097-49ab-9f2c-876e7a631cfa" testName="WebTest1" computerName="MICROSOF-9E10B0" duration="00:00:04.5573808" startTime="2013-12-20T00:00:43.5312500+02:00" endTime="2013-12-20T00:00:59.3750000+02:00" testType="4e7599fa-5ecb-43e9-a887-cd63cf72d207" outcome="Failed" testListId="8c84fa94-04c1-424b-9868-57a2d4851a1d" relativeResultsDirectory="424be650-d882-42c2-b99a-e15230cd1990">
      <Output>
        <ErrorInfo>
          <Message>3 первичных запросов, 0 зависимых запросов и 0 условных правил завершились сбоем</Message>
        </ErrorInfo>
      </Output>
      <ResultFiles>
        <ResultFile path="WebTest1.webtestResult" />
      </ResultFiles>
      <TestSettings name="Параметры тестирования по умолчанию" id="6386da1e-e97d-4673-ad7f-09065defb72d">
        <Deployment runDeploymentRoot="Admin_MICROSOF-9E10B0 2013-12-20 00_00_37">
          <DeploymentItem filename="C:\Documents and Settings\Admin\Мои документы\Dropbox\eCar\eCar\bin\eCar.dll" />
        </Deployment>
        <Execution>
          <TestTypeSpecific>
            <WebTestRunConfiguration testTypeId="4e7599fa-5ecb-43e9-a887-cd63cf72d207">
              <Browser name="Internet Explorer 7.0">
                <Headers>
                  <Header name="User-Agent" value="Mozilla/4.0 (compatible; MSIE 7.0; Windows NT 5.1)" />
                  <Header name="Accept" value="*/*" />
                  <Header name="Accept-Language" value="{{$IEAcceptLanguage}}" />
                  <Header name="Accept-Encoding" value="GZIP" />
                </Headers>
              </Browser>
            </WebTestRunConfiguration>
          </TestTypeSpecific>
          <AgentRule name="Execution Agents">
          </AgentRule>
        </Execution>
      </TestSettings>
      <WebTestResultFilePath>Admin_MICROSOF-9E10B0 2013-12-20 00_00_37\In\424be650-d882-42c2-b99a-e15230cd1990\WebTest1.webtestResult</WebTestResultFilePath>
    </WebTestResult>
  </Results>
</TestRun>